tmux-fingers ( 1.1.2 ) help:

- a-z:           copies selected match to the clipboard
- <ctrl> + a-z:  copies selected match to the clipboard and triggers
                 @fingers-ctrl-action. By default it triggers :open: action, which is useful
                 for opening links in the browser for example.
- <shift> + a-z: copies selected match to the clipboard and triggers
                 @fingers-shift-action. By default it triggers :paste: action, which
                 automatically pastes selected matches.
- <alt> + a-z:   copies selected match to the clipboard and triggers
                 @fingers-alt-action. There is no default, configurable by the user.
- <Tab>:         toggle multi mode. First press enters multi mode, which allows
                 to select multiple matches. Second press will exit with the selected matches
                 copied to the clipboard.
- <space>:       toggle compact hints on/off
- ?:             show/hide this help
- <Ctrl-C>, <esc> or q: exit [fingers] mode
~ ᐅ 
~ ᐅ kk
~ ᐅ upower           
~ ᐅ ^B^B
~ ᐅ ^B
zsh: command not found: ^B
~ ᐅ ^K
zsh: command not found: ^K
~ ᐅ 
~ ᐅ /home/sahar/.tmux/plugins/tmux-jump/scripts/tmux-jump.sh 
/home/sahar/.tmux/plugins/tmux-jump/scripts/tmux-jump.sh: line 11: ruby: command not found
~ ᐅ 
~ ᐅ sudo apt install ruby
[sudo] password for sahar: 
Reading package lists... Done
Building dependency tree... Done
Reading state information... Done
The following packages were automatically installed and are no longer required:
  fortune-mod fortunes-min gir1.2-ayatanaappindicator3-0.1 gir1.2-gexiv2-0.10 librecode0 python3-bs4 python3-configobj python3-html5lib python3-lxml python3-soupsieve python3-webencodings
Use 'sudo apt autoremove' to remove them.
The following additional packages will be installed:
  fonts-lato libruby3.0 rake ruby-net-telnet ruby-rubygems ruby-webrick ruby-xmlrpc ruby3.0 rubygems-integration
Suggested packages:
  ri ruby-dev bundler
The following NEW packages will be installed:
  fonts-lato libruby3.0 rake ruby ruby-net-telnet ruby-rubygems ruby-webrick ruby-xmlrpc ruby3.0 rubygems-integration
0 upgraded, 10 newly installed, 0 to remove and 227 not upgraded.
Need to get 8,248 kB of archives.
After this operation, 37.0 MB of additional disk space will be used.
Do you want to continue? [Y/n] y
Get:1 http://il.archive.ubuntu.com/ubuntu jammy/main amd64 fonts-lato all 2.0-2.1 [2,696 kB]
Get:2 http://il.archive.ubuntu.com/ubuntu jammy/main amd64 rubygems-integration all 1.18 [5,336 B]
Get:3 http://il.archive.ubuntu.com/ubuntu jammy-updates/main amd64 ruby3.0 amd64 3.0.2-7ubuntu2.4 [50.1 kB]
Get:4 http://il.archive.ubuntu.com/ubuntu jammy/main amd64 ruby-rubygems all 3.3.5-2 [228 kB]
Get:5 http://il.archive.ubuntu.com/ubuntu jammy/main amd64 ruby amd64 1:3.0~exp1 [5,100 B]
Get:6 http://il.archive.ubuntu.com/ubuntu jammy/main amd64 rake all 13.0.6-2 [61.7 kB]
Get:7 http://il.archive.ubuntu.com/ubuntu jammy/main amd64 ruby-net-telnet all 0.1.1-2 [12.6 kB]
Get:8 http://il.archive.ubuntu.com/ubuntu jammy/universe amd64 ruby-webrick all 1.7.0-3 [51.8 kB]
Get:9 http://il.archive.ubuntu.com/ubuntu jammy-updates/main amd64 ruby-xmlrpc all 0.3.2-1ubuntu0.1 [24.9 kB]
Get:10 http://il.archive.ubuntu.com/ubuntu jammy-updates/main amd64 libruby3.0 amd64 3.0.2-7ubuntu2.4 [5,113 kB]
Fetched 8,248 kB in 1s (5,549 kB/s)    
Selecting previously unselected package fonts-lato.
(Reading database ... 215514 files and directories currently installed.)
Preparing to unpack .../0-fonts-lato_2.0-2.1_all.deb ...
Unpacking fonts-lato (2.0-2.1) ...
Selecting previously unselected package rubygems-integration.
Preparing to unpack .../1-rubygems-integration_1.18_all.deb ...
Unpacking rubygems-integration (1.18) ...
Selecting previously unselected package ruby3.0.
Preparing to unpack .../2-ruby3.0_3.0.2-7ubuntu2.4_amd64.deb ...
Unpacking ruby3.0 (3.0.2-7ubuntu2.4) ...
Selecting previously unselected package ruby-rubygems.
Preparing to unpack .../3-ruby-rubygems_3.3.5-2_all.deb ...
Unpacking ruby-rubygems (3.3.5-2) ...
Selecting previously unselected package ruby.
Preparing to unpack .../4-ruby_1%3a3.0~exp1_amd64.deb ...
Unpacking ruby (1:3.0~exp1) ...
Selecting previously unselected package rake.
Preparing to unpack .../5-rake_13.0.6-2_all.deb ...
Unpacking rake (13.0.6-2) ...
Selecting previously unselected package ruby-net-telnet.
Preparing to unpack .../6-ruby-net-telnet_0.1.1-2_all.deb ...
Unpacking ruby-net-telnet (0.1.1-2) ...
Selecting previously unselected package ruby-webrick.
Preparing to unpack .../7-ruby-webrick_1.7.0-3_all.deb ...
Unpacking ruby-webrick (1.7.0-3) ...
Selecting previously unselected package ruby-xmlrpc.
Preparing to unpack .../8-ruby-xmlrpc_0.3.2-1ubuntu0.1_all.deb ...
Unpacking ruby-xmlrpc (0.3.2-1ubuntu0.1) ...
Selecting previously unselected package libruby3.0:amd64.
Preparing to unpack .../9-libruby3.0_3.0.2-7ubuntu2.4_amd64.deb ...
Unpacking libruby3.0:amd64 (3.0.2-7ubuntu2.4) ...
Setting up fonts-lato (2.0-2.1) ...
Setting up rubygems-integration (1.18) ...
Setting up ruby-net-telnet (0.1.1-2) ...
Setting up ruby-webrick (1.7.0-3) ...
Setting up ruby-xmlrpc (0.3.2-1ubuntu0.1) ...
Setting up rake (13.0.6-2) ...
Setting up libruby3.0:amd64 (3.0.2-7ubuntu2.4) ...
Setting up ruby3.0 (3.0.2-7ubuntu2.4) ...
Setting up ruby (1:3.0~exp1) ...
Setting up ruby-rubygems (3.3.5-2) ...
Processing triggers for man-db (2.10.2-1) ...
Processing triggers for fontconfig (2.13.1-4.2ubuntu5) ...
Processing triggers for libc-bin (2.35-0ubuntu3.1) ...
~ ᐅ  
~ ᐅ ^?
~ ᐅ sudo apt-get install xsel
Reading package lists... Done
Building dependency tree... Done
Reading state information... Done
The following packages were automatically installed and are no longer required:
  fortune-mod fortunes-min gir1.2-ayatanaappindicator3-0.1 gir1.2-gexiv2-0.10 librecode0 python3-bs4 python3-configobj python3-html5lib python3-lxml python3-soupsieve python3-webencodings
Use 'sudo apt autoremove' to remove them.
The following NEW packages will be installed:
  xsel
0 upgraded, 1 newly installed, 0 to remove and 227 not upgraded.
Need to get 20.5 kB of archives.
After this operation, 60.4 kB of additional disk space will be used.
Get:1 http://il.archive.ubuntu.com/ubuntu jammy/universe amd64 xsel amd64 1.2.0+git9bfc13d.20180109-3 [20.5 kB]
Fetched 20.5 kB in 1s (37.3 kB/s)
Selecting previously unselected package xsel.
(Reading database ... 218503 files and directories currently installed.)
Preparing to unpack .../xsel_1.2.0+git9bfc13d.20180109-3_amd64.deb ...
Unpacking xsel (1.2.0+git9bfc13d.20180109-3) ...
Setting up xsel (1.2.0+git9bfc13d.20180109-3) ...
Processing triggers for man-db (2.10.2-1) ...
~ ᐅ 
~ ᐅ 
~ ᐅ 
~ ᐅ ^E
~ ᐅ  amd64 1.2.0+git9bfc13d.20180109-3 [20.5 kB]
Fetched 20.5 kB in 1s (37.3 kB/s)
Selecting previously unselected package xsel.
(Reading database ... 218503 files and directories currently installed.)
Preparing to unpack .../xsel_1.2.0+git9bfc13d.20180109-3_amd64.deb ...
Unpacking xsel (1.2.0+git9bfc13d.20180109-3) ...
Setting up xsel (1.2.0+git9bfc13d.20180109-3) ...
Processing triggers for man-db (2.10.2-1) ...
~ ᐅ
~ ᐅ
~ ᐅ
~ ᐅ

~ ᐅ 
~ ᐅ 
~ ᐅ 
~ ᐅ clear
                                                                                                                                                                                                                                                                      
~ ᐅ asd
zsh: command not found: asd
~ ᐅ ls -la ~
drwxr-x--- sahar sahar 4.0 KB Mon Jul 24 00:26:10 2023  .
drwxr-xr-x root  root  4.0 KB Sun Jul 23 12:44:46 2023  ..
.rw-r--r-- sahar sahar 297 B  Mon Jul 24 00:25:25 2023  .bash.profile
.rw------- sahar sahar  17 KB Sun Jul 23 21:52:35 2023  .bash_history
.rw-r--r-- sahar sahar 220 B  Sun Jul 23 12:44:46 2023  .bash_logout
.rw-r--r-- sahar sahar 3.7 KB Sun Jul 23 22:03:51 2023  .bashrc
drwx------ sahar sahar 4.0 KB Mon Jul 24 00:15:18 2023  .cache
drwxrwxr-x sahar sahar 4.0 KB Sun Jul 23 13:38:30 2023  .cargo
drwxr-xr-x sahar sahar 4.0 KB Sun Jul 23 19:17:21 2023  .cert
drwx------ sahar sahar 4.0 KB Sun Jul 23 22:17:46 2023  .config
.rw-rw-r-- sahar sahar  56 B  Sun Jul 23 17:17:35 2023  .gitconfig
drwx------ sahar sahar 4.0 KB Sun Jul 23 19:16:31 2023  .gnupg
.rw------- sahar sahar  55 B  Sun Jul 23 22:26:46 2023  .lesshst
drwx------ sahar sahar 4.0 KB Sun Jul 23 20:41:57 2023  .local
drwxrwxr-x sahar sahar 4.0 KB Sun Jul 23 16:49:23 2023  .npm
drwxr-xr-x sahar sahar 4.0 KB Sun Jul 23 21:39:56 2023  .oh-my-zsh
.rw-r--r-- sahar sahar 807 B  Sun Jul 23 12:44:46 2023  .profile
.rw-r--r-- sahar sahar  10 B  Sun Jul 23 21:40:01 2023  .shell.pre-oh-my-zsh
drwx------ sahar sahar 4.0 KB Sun Jul 23 15:52:29 2023  .ssh
.rw-r--r-- sahar sahar   0 B  Sun Jul 23 12:48:49 2023  .sudo_as_admin_successful
drwxrwxr-x sahar sahar 4.0 KB Sun Jul 23 20:50:40 2023  .tmux
.rw-rw-r-- sahar sahar 4.2 KB Mon Jul 24 00:17:19 2023  .tmux.conf
.rw-rw-r-- sahar sahar 262 B  Sun Jul 23 20:32:19 2023  .wget-hsts
.rw-rw-r-- sahar sahar  48 KB Sun Jul 23 22:16:28 2023  .zcompdump
.rw-rw-r-- sahar sahar  50 KB Sun Jul 23 22:16:45 2023  .zcompdump-sahar-lnx-5.8.1
.r--r--r-- sahar sahar 115 KB Sun Jul 23 22:16:45 2023  .zcompdump-sahar-lnx-5.8.1.zwc
.rw------- sahar sahar 9.4 KB Mon Jul 24 00:26:10 2023  .zsh_history
.rw-r--r-- sahar sahar 3.9 KB Sun Jul 23 22:16:42 2023  .zshrc
.rw-rw-r-- sahar sahar   0 B  Sun Jul 23 14:34:04 2023  1
.rw-rw-r-- sahar sahar 5.0 MB Sun Jul 23 20:14:38 2023  2023-07-23-201437_5360x1440_scrot.png
.rw-rw-r-- sahar sahar 5.1 MB Sun Jul 23 20:15:25 2023  2023-07-23-201525_5360x1440_scrot.png
.rw-rw-r-- sahar sahar 4.2 MB Sun Jul 23 20:15:42 2023  2023-07-23-201542_5360x1440_scrot.png
drwxr-xr-x sahar sahar 4.0 KB Sun Jul 23 19:15:16 2023  Desktop
drwxr-xr-x sahar sahar 4.0 KB Sun Jul 23 12:47:53 2023  Documents
drwxr-xr-x sahar sahar 4.0 KB Sun Jul 23 22:29:02 2023  Downloads
drwxrwxr-x sahar sahar 4.0 KB Sun Jul 23 21:03:01 2023  go
.rw-rw-r-- sahar sahar  69 KB Sun Jul 23 16:15:49 2023  log.txt
drwxr-xr-x sahar sahar 4.0 KB Sun Jul 23 12:47:53 2023  Music
drwxrwxr-x sahar sahar 4.0 KB Sun Jul 23 18:04:21 2023  nvim-ide
.rw-r--r-- root  root  3.1 KB Tue May 28 23:30:11 2019  openvpn-repo-pkg-key.pub
drwxr-xr-x sahar sahar 4.0 KB Sun Jul 23 12:47:53 2023  Pictures
drwxr-xr-x sahar sahar 4.0 KB Sun Jul 23 12:47:53 2023  Public
.rw-rw-r-- sahar sahar 1.5 MB Sun Jul 23 17:35:21 2023  ripgrep_13.0.0_amd64.deb
drwx------ sahar sahar 4.0 KB Sun Jul 23 23:02:11 2023  snap
drwxr-xr-x sahar sahar 4.0 KB Sun Jul 23 12:47:53 2023  Templates
drwxr-xr-x sahar sahar 4.0 KB Sun Jul 23 12:47:53 2023  Videos
drwxrwxr-x sahar sahar 4.0 KB Sun Jul 23 15:28:27 2023  wallpapers
drwxrwxr-x sahar sahar 4.0 KB Sun Jul 23 20:20:05 2023  work
~ ᐅ vi -- "openvpn-repo-pkg-key.pub"
~ ᐅ nvim .         
~ ᐅ vim ~/.bash.profile             
~ ᐅ 
